<?xml version="1.0" encoding="UTF-8"?>
<!-- Generated by org.testng.reporters.JUnitXMLReporter -->
<testsuite hostname="EPBYMINW5224" ignored="0" name="Test" tests="1" failures="1" timestamp="19 Jul 2017 06:59:29 GMT" time="29.913" errors="0">
  <testcase name="signUp" time="24.069" classname="onlinerSearchTestNG.Solution">
    <failure type="org.openqa.selenium.WebDriverException" message="Failed to decode response from marionette
Build info: version: &amp;apos;3.4.0&amp;apos;, revision: &amp;apos;unknown&amp;apos;, time: &amp;apos;unknown&amp;apos;
System info: host: &amp;apos;EPBYMINW5224&amp;apos;, ip: &amp;apos;192.168.56.1&amp;apos;, os.name: &amp;apos;Windows 10&amp;apos;, os.arch: &amp;apos;amd64&amp;apos;, os.version: &amp;apos;10.0&amp;apos;, java.version: &amp;apos;1.8.0_131&amp;apos;
Driver info: org.openqa.selenium.firefox.FirefoxDriver
Capabilities [{moz:profile=C:\Users\VIACHA~1\AppData\Local\Temp\rust_mozprofile.Hd1CVzMqlbdY, rotatable=false, timeouts={implicit=0.0, pageLoad=300000.0, script=30000.0}, pageLoadStrategy=normal, platform=ANY, specificationLevel=0.0, moz:accessibilityChecks=false, acceptInsecureCerts=false, browserVersion=54.0.1, platformVersion=10.0, moz:processID=9592.0, browserName=firefox, javascriptEnabled=true, platformName=windows_nt}]
Session ID: 56ab2f68-4e41-4bf8-84a0-aad576c111bf
*** Element info: {Using=id, value=search__results}">
      <![CDATA[org.openqa.selenium.WebDriverException: Failed to decode response from marionette
Build info: version: '3.4.0', revision: 'unknown', time: 'unknown'
System info: host: 'EPBYMINW5224', ip: '192.168.56.1', os.name: 'Windows 10', os.arch: 'amd64', os.version: '10.0', java.version: '1.8.0_131'
Driver info: org.openqa.selenium.firefox.FirefoxDriver
Capabilities [{moz:profile=C:\Users\VIACHA~1\AppData\Local\Temp\rust_mozprofile.Hd1CVzMqlbdY, rotatable=false, timeouts={implicit=0.0, pageLoad=300000.0, script=30000.0}, pageLoadStrategy=normal, platform=ANY, specificationLevel=0.0, moz:accessibilityChecks=false, acceptInsecureCerts=false, browserVersion=54.0.1, platformVersion=10.0, moz:processID=9592.0, browserName=firefox, javascriptEnabled=true, platformName=windows_nt}]
Session ID: 56ab2f68-4e41-4bf8-84a0-aad576c111bf
*** Element info: {Using=id, value=search__results}
	at org.openqa.selenium.remote.http.W3CHttpResponseCodec.createException(W3CHttpResponseCodec.java:150)
	at org.openqa.selenium.remote.http.W3CHttpResponseCodec.decode(W3CHttpResponseCodec.java:115)
	at org.openqa.selenium.remote.http.W3CHttpResponseCodec.decode(W3CHttpResponseCodec.java:45)
	at org.openqa.selenium.remote.HttpCommandExecutor.execute(HttpCommandExecutor.java:164)
	at org.openqa.selenium.remote.service.DriverCommandExecutor.execute(DriverCommandExecutor.java:82)
	at org.openqa.selenium.remote.RemoteWebDriver.execute(RemoteWebDriver.java:637)
	at org.openqa.selenium.remote.RemoteWebDriver.findElements(RemoteWebDriver.java:437)
	at org.openqa.selenium.remote.RemoteWebDriver.findElementsById(RemoteWebDriver.java:457)
	at org.openqa.selenium.By$ById.findElements(By.java:210)
	at org.openqa.selenium.remote.RemoteWebDriver.findElements(RemoteWebDriver.java:398)
	at org.openqa.selenium.support.ui.ExpectedConditions.findElement(ExpectedConditions.java:882)
	at org.openqa.selenium.support.ui.ExpectedConditions.access$000(ExpectedConditions.java:44)
	at org.openqa.selenium.support.ui.ExpectedConditions$17.apply(ExpectedConditions.java:504)
	at org.openqa.selenium.support.ui.ExpectedConditions$17.apply(ExpectedConditions.java:500)
	at org.openqa.selenium.support.ui.FluentWait.until(FluentWait.java:209)
	at onlinerSearchTestNG.OnlinerForumPage.getElements(OnlinerForumPage.java:28)
	at onlinerSearchTestNG.Solution.signUp(Solution.java:13)
... Removed 29 stack frames]]>
    </failure>
  </testcase> <!-- signUp -->
</testsuite> <!-- Test -->
