<?xml version="1.0" encoding="UTF-8"?>
<testng-results skipped="0" failed="0" ignored="0" total="1" passed="1">
  <reporter-output>
  </reporter-output>
  <suite name="Default suite" duration-ms="19586" started-at="2017-07-20T10:34:44Z" finished-at="2017-07-20T10:35:03Z">
    <groups>
    </groups>
    <test name="Default test" duration-ms="19586" started-at="2017-07-20T10:34:44Z" finished-at="2017-07-20T10:35:03Z">
      <class name="onlinerSearchTestNG.Solution">
        <test-method status="PASS" signature="setUp()[pri:0, instance:onlinerSearchTestNG.Solution@30ee2816]" name="setUp" is-config="true" duration-ms="6681" started-at="2017-07-20T13:34:44Z" finished-at="2017-07-20T13:34:51Z">
          <reporter-output>
          </reporter-output>
        </test-method> <!-- setUp -->
        <test-method status="PASS" signature="signUp()[pri:0, instance:onlinerSearchTestNG.Solution@30ee2816]" name="signUp" duration-ms="12259" started-at="2017-07-20T13:34:51Z" finished-at="2017-07-20T13:35:03Z">
          <reporter-output>
          </reporter-output>
        </test-method> <!-- signUp -->
        <test-method status="PASS" signature="close()[pri:0, instance:onlinerSearchTestNG.Solution@30ee2816]" name="close" is-config="true" duration-ms="604" started-at="2017-07-20T13:35:03Z" finished-at="2017-07-20T13:35:03Z">
          <reporter-output>
          </reporter-output>
        </test-method> <!-- close -->
      </class> <!-- onlinerSearchTestNG.Solution -->
    </test> <!-- Default test -->
  </suite> <!-- Default suite -->
</testng-results>
